<?xml version="1.0" encoding="UTF-8"?>
<testsuite name="steps.SampleJavaJunit4IT" time="0.0" tests="1" errors="0" skipped="0" failures="0">
    <testcase name="SampleJavaJunit4IT.sayDateFromJunit" classname="steps.SampleJavaJunit4IT" time="0.0"/>
</testsuite>