<?xml version="1.0" encoding="UTF-8"?>
<testsuite name="com.citrus.myproject.SampleJavaJunit4IT" time="0.0" tests="2" errors="0" skipped="0" failures="0">
    <testcase name="SampleJavaJunit4IT.sayHello" classname="com.citrus.myproject.SampleJavaJunit4IT" time="0.0"/>
    <testcase name="SampleJavaJunit4IT.sayDateFromJunit" classname="com.citrus.myproject.SampleJavaJunit4IT" time="0.0"/>
</testsuite>